<?xml version="1.0" encoding="UTF-8"?>
<!-- Generated by org.testng.reporters.JUnitXMLReporter -->
<testsuite ignored="1" hostname="EC2AMAZ-8KL45D2" failures="0" tests="14" name="test-1" time="87.547" errors="0" timestamp="2024-09-27T07:28:53 UTC">
  <testcase classname="com.Web_Order.test.WebOrder_CreateOrder_Test" name="createAndVerifyOrder" time="7.056"/>
  <testcase classname="com.Web_Order.test.WebOrder_CreateOrder_Test" name="createAndVerifyOrder" time="6.616"/>
  <testcase classname="com.Web_Order.test.WebOrder_CreateOrder_Test" name="createAndVerifyOrder" time="15.374"/>
  <testcase classname="com.Web_Order.test.WebOrder_CreateOrder_Test" name="createAndVerifyOrder" time="5.055"/>
  <testcase classname="com.Web_Order.test.WebOrder_CreateOrder_Test" name="createAndVerifyOrder" time="4.994"/>
  <testcase classname="com.Web_Order.test.WebOrder_CreateOrder_Test" name="createAndVerifyOrder" time="4.749"/>
  <testcase classname="com.Web_Order.test.WebOrder_CreateOrder_Test" name="createAndVerifyOrder" time="5.139"/>
  <testcase classname="com.Web_Order.test.WebOrder_CreateOrder_Test" name="createAndVerifyOrder" time="5.108"/>
  <testcase classname="com.Web_Order.test.WebOrder_CreateOrder_Test" name="createAndVerifyOrder" time="4.855"/>
  <testcase classname="com.Web_Order.test.WebOrder_CreateOrder_Test" name="createAndVerifyOrder" time="4.917"/>
  <testcase classname="com.Web_Order.test.WebOrder_CreateOrder_Test" name="createAndVerifyOrder" time="4.918"/>
  <testcase classname="com.Web_Order.test.WebOrder_CreateOrder_Test" name="createAndVerifyOrder" time="5.36"/>
  <testcase classname="com.Web_Order.test.WebOrder_CreateOrder_Test" name="createAndVerifyOrder" time="4.582"/>
  <testcase classname="com.Web_Order.test.WebOrder_CreateOrder_Test" name="createAndVerifyOrder" time="4.688"/>
  <testcase classname="com.Web_Order.test.WebOrder_CreateOrder_Test" name="verifyCheckAll" time="0.0">
    <ignored/>
  </testcase> <!-- verifyCheckAll -->
</testsuite> <!-- test-1 -->
