<?xml version="1.0" encoding="UTF-8"?>
<!-- Generated by org.testng.reporters.JUnitReportReporter -->
<testsuite hostname="EC2AMAZ-8KL45D2" failures="0" tests="7" name="com.spree.test.Countries" time="6.335" errors="0" timestamp="2024-10-07T06:31:39 UTC" skipped="0">
  <testcase classname="com.spree.test.Countries" name="T01_getDefaultCountries" time="2.401"/>
  <system-out/>
  <testcase classname="com.spree.test.Countries" name="T02_retrieveaCountry" time="0.194"/>
  <system-out/>
  <testcase classname="com.spree.test.Countries" name="T02_retrieveaCountry" time="0.254"/>
  <system-out/>
  <testcase classname="com.spree.test.Countries" name="T02_retrieveaCountry" time="0.202"/>
  <system-out/>
  <testcase classname="com.spree.test.Countries" name="T02_retrieveaCountry" time="0.262"/>
  <system-out/>
  <testcase classname="com.spree.test.Countries" name="T02_retrieveaCountry" time="0.260"/>
  <system-out/>
  <testcase classname="com.spree.test.Countries" name="T03_listallCountries" time="2.762"/>
  <system-out/>
</testsuite> <!-- com.spree.test.Countries -->
