<?xml version="1.0" encoding="UTF-8"?>
<!-- Generated by org.testng.reporters.JUnitReportReporter -->
<testsuite hostname="EC2AMAZ-8KL45D2" failures="0" tests="3" name="com.Web_Order.test.WebOrder_Login" time="22.478" errors="0" timestamp="2024-09-27T07:02:04 UTC" skipped="0">
  <testcase classname="com.Web_Order.test.WebOrder_Login" name="loginTest" time="7.365"/>
  <system-out/>
  <testcase classname="com.Web_Order.test.WebOrder_Login" name="urlTest" time="7.563"/>
  <system-out/>
  <testcase classname="com.Web_Order.test.WebOrder_Login" name="verifyText" time="7.550"/>
  <system-out/>
</testsuite> <!-- com.Web_Order.test.WebOrder_Login -->
