<?xml version="1.0" encoding="UTF-8"?>
<!-- Generated by org.testng.reporters.JUnitReportReporter -->
<testsuite hostname="EC2AMAZ-8KL45D2" failures="0" tests="17" name="com.Web_Order.test.WebOrder_ViewAllOrders_Test" time="18.842" errors="0" timestamp="2024-09-27T07:17:42 UTC" skipped="0">
  <testcase classname="com.Web_Order.test.WebOrder_ViewAllOrders_Test" name="verifyCheckAll" time="2.318"/>
  <system-out/>
  <testcase classname="com.Web_Order.test.WebOrder_ViewAllOrders_Test" name="verifyUnCheckAll" time="0.423"/>
  <system-out/>
  <testcase classname="com.Web_Order.test.WebOrder_ViewAllOrders_Test" name="verifyDeleteOrder" time="0.658"/>
  <system-out/>
  <testcase classname="com.Web_Order.test.WebOrder_ViewAllOrders_Test" name="verifyEditOrder" time="2.951"/>
  <system-out/>
  <testcase classname="com.Web_Order.test.WebOrder_ViewAllOrders_Test" name="verifyEditOrder" time="3.001"/>
  <system-out/>
  <testcase classname="com.Web_Order.test.WebOrder_ViewAllOrders_Test" name="verifyError" time="0.683"/>
  <system-out/>
  <testcase classname="com.Web_Order.test.WebOrder_ViewAllOrders_Test" name="verifyError" time="0.540"/>
  <system-out/>
  <testcase classname="com.Web_Order.test.WebOrder_ViewAllOrders_Test" name="verifyError" time="0.889"/>
  <system-out/>
  <testcase classname="com.Web_Order.test.WebOrder_ViewAllOrders_Test" name="verifyError" time="0.832"/>
  <system-out/>
  <testcase classname="com.Web_Order.test.WebOrder_ViewAllOrders_Test" name="verifyError" time="0.707"/>
  <system-out/>
  <testcase classname="com.Web_Order.test.WebOrder_ViewAllOrders_Test" name="verifyError" time="1.094"/>
  <system-out/>
  <testcase classname="com.Web_Order.test.WebOrder_ViewAllOrders_Test" name="verifyError" time="1.091"/>
  <system-out/>
  <testcase classname="com.Web_Order.test.WebOrder_ViewAllOrders_Test" name="verifyError" time="0.564"/>
  <system-out/>
  <testcase classname="com.Web_Order.test.WebOrder_ViewAllOrders_Test" name="verifyError" time="0.660"/>
  <system-out/>
  <testcase classname="com.Web_Order.test.WebOrder_ViewAllOrders_Test" name="verifyError" time="0.830"/>
  <system-out/>
  <testcase classname="com.Web_Order.test.WebOrder_ViewAllOrders_Test" name="verifyError" time="0.756"/>
  <system-out/>
  <testcase classname="com.Web_Order.test.WebOrder_ViewAllOrders_Test" name="verifyError" time="0.845"/>
  <system-out/>
</testsuite> <!-- com.Web_Order.test.WebOrder_ViewAllOrders_Test -->
