<?xml version="1.0" encoding="UTF-8"?>
<!-- Generated by org.testng.reporters.JUnitReportReporter -->
<testsuite hostname="EC2AMAZ-8KL45D2" failures="0" tests="15" name="com.Web_Order.test.WebOrder_CreateOrder_Test" time="83.428" errors="0" timestamp="2024-09-27T07:28:53 UTC" skipped="1">
  <testcase classname="com.Web_Order.test.WebOrder_CreateOrder_Test" name="createAndVerifyOrder" time="4.918"/>
  <system-out/>
  <testcase classname="com.Web_Order.test.WebOrder_CreateOrder_Test" name="createAndVerifyOrder" time="5.055"/>
  <system-out/>
  <testcase classname="com.Web_Order.test.WebOrder_CreateOrder_Test" name="createAndVerifyOrder" time="4.994"/>
  <system-out/>
  <testcase classname="com.Web_Order.test.WebOrder_CreateOrder_Test" name="createAndVerifyOrder" time="6.628"/>
  <system-out/>
  <testcase classname="com.Web_Order.test.WebOrder_CreateOrder_Test" name="createAndVerifyOrder" time="5.108"/>
  <system-out/>
  <testcase classname="com.Web_Order.test.WebOrder_CreateOrder_Test" name="createAndVerifyOrder" time="4.855"/>
  <system-out/>
  <testcase classname="com.Web_Order.test.WebOrder_CreateOrder_Test" name="createAndVerifyOrder" time="4.583"/>
  <system-out/>
  <testcase classname="com.Web_Order.test.WebOrder_CreateOrder_Test" name="createAndVerifyOrder" time="4.688"/>
  <system-out/>
  <testcase classname="com.Web_Order.test.WebOrder_CreateOrder_Test" name="createAndVerifyOrder" time="4.918"/>
  <system-out/>
  <testcase classname="com.Web_Order.test.WebOrder_CreateOrder_Test" name="createAndVerifyOrder" time="4.750"/>
  <system-out/>
  <testcase classname="com.Web_Order.test.WebOrder_CreateOrder_Test" name="createAndVerifyOrder" time="7.056"/>
  <system-out/>
  <testcase classname="com.Web_Order.test.WebOrder_CreateOrder_Test" name="createAndVerifyOrder" time="5.139"/>
  <system-out/>
  <testcase classname="com.Web_Order.test.WebOrder_CreateOrder_Test" name="createAndVerifyOrder" time="15.375"/>
  <system-out/>
  <testcase classname="com.Web_Order.test.WebOrder_CreateOrder_Test" name="createAndVerifyOrder" time="5.361"/>
  <system-out/>
  <testcase classname="com.Web_Order.test.WebOrder_CreateOrder_Test" name="verifyCheckAll">
    <skipped/>
  </testcase> <!-- verifyCheckAll -->
  <system-out/>
</testsuite> <!-- com.Web_Order.test.WebOrder_CreateOrder_Test -->
